<?xml version="1.0" encoding="UTF-8"?>
<coverage generated="1572359463177" clover="3.2.0">
  <project timestamp="1572359463177" name="All files">
    <metrics statements="37" coveredstatements="37" conditionals="10" coveredconditionals="9" methods="3" coveredmethods="3" elements="50" coveredelements="49" complexity="0" loc="37" ncloc="37" packages="1" files="1" classes="1"/>
    <file name="TitleParser.tsx" path="/Users/thiagomata/Work/github/resume.js/model/parser/TitleParser.tsx">
      <metrics statements="37" coveredstatements="37" conditionals="10" coveredconditionals="9" methods="3" coveredmethods="3"/>
      <line num="6" count="1" type="stmt"/>
      <line num="8" count="1" type="stmt"/>
      <line num="9" count="18" type="stmt"/>
      <line num="10" count="18" type="cond" truecount="2" falsecount="0"/>
      <line num="11" count="3" type="stmt"/>
      <line num="13" count="15" type="stmt"/>
      <line num="16" count="1" type="stmt"/>
      <line num="17" count="3" type="stmt"/>
      <line num="20" count="3" type="stmt"/>
      <line num="21" count="3" type="stmt"/>
      <line num="22" count="3" type="stmt"/>
      <line num="23" count="3" type="stmt"/>
      <line num="24" count="3" type="stmt"/>
      <line num="25" count="36" type="stmt"/>
      <line num="26" count="36" type="stmt"/>
      <line num="27" count="36" type="cond" truecount="2" falsecount="0"/>
      <line num="28" count="6" type="stmt"/>
      <line num="30" count="30" type="stmt"/>
      <line num="31" count="30" type="cond" truecount="2" falsecount="0"/>
      <line num="32" count="15" type="stmt"/>
      <line num="33" count="15" type="cond" truecount="1" falsecount="1"/>
      <line num="34" count="15" type="stmt"/>
      <line num="35" count="15" type="stmt"/>
      <line num="38" count="15" type="cond" truecount="2" falsecount="0"/>
      <line num="39" count="2" type="stmt"/>
      <line num="40" count="2" type="stmt"/>
      <line num="41" count="2" type="stmt"/>
      <line num="42" count="2" type="stmt"/>
      <line num="44" count="13" type="stmt"/>
      <line num="45" count="13" type="stmt"/>
      <line num="46" count="13" type="stmt"/>
      <line num="47" count="13" type="stmt"/>
      <line num="49" count="15" type="stmt"/>
      <line num="51" count="15" type="stmt"/>
      <line num="54" count="3" type="stmt"/>
      <line num="55" count="3" type="stmt"/>
      <line num="57" count="1" type="stmt"/>
    </file>
  </project>
</coverage>
