{"/Users/thiagomata/Work/github/resume.js/model/parser/TitleParser.tsx": {"path":"/Users/thiagomata/Work/github/resume.js/model/parser/TitleParser.tsx","statementMap":{"0":{"start":{"line":6,"column":0},"end":{"line":6,"column":null}},"1":{"start":{"line":8,"column":11},"end":{"line":14,"column":null}},"2":{"start":{"line":9,"column":27},"end":{"line":9,"column":41}},"3":{"start":{"line":10,"column":8},"end":{"line":12,"column":null}},"4":{"start":{"line":11,"column":12},"end":{"line":11,"column":19}},"5":{"start":{"line":13,"column":8},"end":{"line":13,"column":39}},"6":{"start":{"line":16,"column":11},"end":{"line":56,"column":null}},"7":{"start":{"line":17,"column":36},"end":{"line":19,"column":10}},"8":{"start":{"line":20,"column":19},"end":{"line":20,"column":26}},"9":{"start":{"line":21,"column":20},"end":{"line":21,"column":29}},"10":{"start":{"line":22,"column":30},"end":{"line":22,"column":49}},"11":{"start":{"line":23,"column":18},"end":{"line":23,"column":20}},"12":{"start":{"line":24,"column":8},"end":{"line":53,"column":null}},"13":{"start":{"line":25,"column":23},"end":{"line":25,"column":38}},"14":{"start":{"line":26,"column":36},"end":{"line":26,"column":47}},"15":{"start":{"line":27,"column":12},"end":{"line":29,"column":null}},"16":{"start":{"line":28,"column":16},"end":{"line":28,"column":25}},"17":{"start":{"line":30,"column":28},"end":{"line":30,"column":47}},"18":{"start":{"line":31,"column":12},"end":{"line":52,"column":null}},"19":{"start":{"line":32,"column":16},"end":{"line":32,"column":52}},"20":{"start":{"line":33,"column":27},"end":{"line":33,"column":66}},"21":{"start":{"line":34,"column":28},"end":{"line":34,"column":57}},"22":{"start":{"line":35,"column":47},"end":{"line":37,"column":18}},"23":{"start":{"line":38,"column":16},"end":{"line":48,"column":null}},"24":{"start":{"line":39,"column":20},"end":{"line":39,"column":57}},"25":{"start":{"line":40,"column":20},"end":{"line":40,"column":45}},"26":{"start":{"line":41,"column":20},"end":{"line":41,"column":41}},"27":{"start":{"line":42,"column":20},"end":{"line":42,"column":41}},"28":{"start":{"line":44,"column":33},"end":{"line":44,"column":48}},"29":{"start":{"line":45,"column":20},"end":{"line":45,"column":56}},"30":{"start":{"line":46,"column":20},"end":{"line":46,"column":45}},"31":{"start":{"line":47,"column":20},"end":{"line":47,"column":41}},"32":{"start":{"line":49,"column":16},"end":{"line":49,"column":null}},"33":{"start":{"line":51,"column":16},"end":{"line":51,"column":null}},"34":{"start":{"line":54,"column":8},"end":{"line":54,"column":44}},"35":{"start":{"line":55,"column":8},"end":{"line":55,"column":20}},"36":{"start":{"line":57,"column":0},"end":{"line":57,"column":null}}},"fnMap":{"0":{"name":"(anonymous_0)","decl":{"start":{"line":6,"column":0},"end":{"line":6,"column":null}},"loc":{"start":{"line":6,"column":0},"end":{"line":57,"column":null}}},"1":{"name":"(anonymous_2)","decl":{"start":{"line":8,"column":4},"end":{"line":8,"column":11}},"loc":{"start":{"line":8,"column":67},"end":{"line":14,"column":5}}},"2":{"name":"(anonymous_3)","decl":{"start":{"line":16,"column":4},"end":{"line":16,"column":11}},"loc":{"start":{"line":16,"column":33},"end":{"line":56,"column":5}}}},"branchMap":{"0":{"loc":{"start":{"line":10,"column":8},"end":{"line":12,"column":null}},"type":"if","locations":[{"start":{"line":10,"column":8},"end":{"line":12,"column":null}},{"start":{"line":10,"column":8},"end":{"line":12,"column":null}}]},"1":{"loc":{"start":{"line":27,"column":12},"end":{"line":29,"column":null}},"type":"if","locations":[{"start":{"line":27,"column":12},"end":{"line":29,"column":null}},{"start":{"line":27,"column":12},"end":{"line":29,"column":null}}]},"2":{"loc":{"start":{"line":31,"column":12},"end":{"line":52,"column":null}},"type":"if","locations":[{"start":{"line":31,"column":12},"end":{"line":52,"column":null}},{"start":{"line":31,"column":12},"end":{"line":52,"column":null}}]},"3":{"loc":{"start":{"line":33,"column":28},"end":{"line":33,"column":49}},"type":"binary-expr","locations":[{"start":{"line":33,"column":28},"end":{"line":33,"column":49}},{"start":{"line":33,"column":53},"end":{"line":33,"column":55}}]},"4":{"loc":{"start":{"line":38,"column":16},"end":{"line":48,"column":null}},"type":"if","locations":[{"start":{"line":38,"column":16},"end":{"line":48,"column":null}},{"start":{"line":38,"column":16},"end":{"line":48,"column":null}}]}},"s":{"0":1,"1":1,"2":18,"3":18,"4":3,"5":15,"6":1,"7":3,"8":3,"9":3,"10":3,"11":3,"12":3,"13":36,"14":36,"15":36,"16":6,"17":30,"18":30,"19":15,"20":15,"21":15,"22":15,"23":15,"24":2,"25":2,"26":2,"27":2,"28":13,"29":13,"30":13,"31":13,"32":15,"33":15,"34":3,"35":3,"36":1},"f":{"0":1,"1":18,"2":3},"b":{"0":[3,15],"1":[6,30],"2":[15,15],"3":[15,0],"4":[2,13]}}
}
