{"/Users/thiagomata/Work/github/resume.js/model/builder/AboutBuilder.tsx": {"path":"/Users/thiagomata/Work/github/resume.js/model/builder/AboutBuilder.tsx","statementMap":{"0":{"start":{"line":7,"column":0},"end":{"line":7,"column":null}},"1":{"start":{"line":19,"column":11},"end":{"line":22,"column":null}},"2":{"start":{"line":20,"column":8},"end":{"line":20,"column":25}},"3":{"start":{"line":21,"column":8},"end":{"line":21,"column":20}},"4":{"start":{"line":24,"column":11},"end":{"line":27,"column":null}},"5":{"start":{"line":25,"column":8},"end":{"line":25,"column":33}},"6":{"start":{"line":26,"column":8},"end":{"line":26,"column":20}},"7":{"start":{"line":29,"column":11},"end":{"line":32,"column":null}},"8":{"start":{"line":30,"column":8},"end":{"line":30,"column":27}},"9":{"start":{"line":31,"column":8},"end":{"line":31,"column":20}},"10":{"start":{"line":34,"column":11},"end":{"line":37,"column":null}},"11":{"start":{"line":35,"column":8},"end":{"line":35,"column":31}},"12":{"start":{"line":36,"column":8},"end":{"line":36,"column":20}},"13":{"start":{"line":39,"column":11},"end":{"line":42,"column":null}},"14":{"start":{"line":40,"column":8},"end":{"line":40,"column":27}},"15":{"start":{"line":41,"column":8},"end":{"line":41,"column":20}},"16":{"start":{"line":44,"column":11},"end":{"line":47,"column":null}},"17":{"start":{"line":45,"column":8},"end":{"line":45,"column":27}},"18":{"start":{"line":46,"column":8},"end":{"line":46,"column":20}},"19":{"start":{"line":49,"column":11},"end":{"line":52,"column":null}},"20":{"start":{"line":50,"column":8},"end":{"line":50,"column":31}},"21":{"start":{"line":51,"column":8},"end":{"line":51,"column":20}},"22":{"start":{"line":54,"column":11},"end":{"line":57,"column":null}},"23":{"start":{"line":55,"column":8},"end":{"line":55,"column":31}},"24":{"start":{"line":56,"column":8},"end":{"line":56,"column":20}},"25":{"start":{"line":59,"column":11},"end":{"line":62,"column":null}},"26":{"start":{"line":60,"column":8},"end":{"line":60,"column":33}},"27":{"start":{"line":61,"column":8},"end":{"line":61,"column":20}},"28":{"start":{"line":64,"column":11},"end":{"line":67,"column":null}},"29":{"start":{"line":65,"column":8},"end":{"line":65,"column":33}},"30":{"start":{"line":66,"column":8},"end":{"line":66,"column":20}},"31":{"start":{"line":70,"column":11},"end":{"line":156,"column":null}},"32":{"start":{"line":71,"column":40},"end":{"line":71,"column":42}},"33":{"start":{"line":73,"column":8},"end":{"line":79,"column":null}},"34":{"start":{"line":74,"column":12},"end":{"line":78,"column":15}},"35":{"start":{"line":80,"column":8},"end":{"line":86,"column":null}},"36":{"start":{"line":81,"column":12},"end":{"line":85,"column":15}},"37":{"start":{"line":87,"column":8},"end":{"line":93,"column":null}},"38":{"start":{"line":88,"column":12},"end":{"line":92,"column":15}},"39":{"start":{"line":94,"column":8},"end":{"line":100,"column":null}},"40":{"start":{"line":95,"column":12},"end":{"line":99,"column":15}},"41":{"start":{"line":101,"column":8},"end":{"line":107,"column":null}},"42":{"start":{"line":102,"column":12},"end":{"line":106,"column":15}},"43":{"start":{"line":108,"column":8},"end":{"line":114,"column":null}},"44":{"start":{"line":109,"column":12},"end":{"line":113,"column":15}},"45":{"start":{"line":116,"column":8},"end":{"line":121,"column":null}},"46":{"start":{"line":117,"column":12},"end":{"line":120,"column":14}},"47":{"start":{"line":129,"column":8},"end":{"line":138,"column":null}},"48":{"start":{"line":137,"column":12},"end":{"line":137,"column":74}},"49":{"start":{"line":140,"column":27},"end":{"line":151,"column":10}},"50":{"start":{"line":152,"column":8},"end":{"line":155,"column":null}},"51":{"start":{"line":157,"column":0},"end":{"line":157,"column":null}}},"fnMap":{"0":{"name":"(anonymous_0)","decl":{"start":{"line":7,"column":0},"end":{"line":7,"column":null}},"loc":{"start":{"line":7,"column":0},"end":{"line":157,"column":null}}},"1":{"name":"(anonymous_2)","decl":{"start":{"line":19,"column":4},"end":{"line":19,"column":11}},"loc":{"start":{"line":19,"column":33},"end":{"line":22,"column":5}}},"2":{"name":"(anonymous_3)","decl":{"start":{"line":24,"column":4},"end":{"line":24,"column":11}},"loc":{"start":{"line":24,"column":41},"end":{"line":27,"column":5}}},"3":{"name":"(anonymous_4)","decl":{"start":{"line":29,"column":4},"end":{"line":29,"column":11}},"loc":{"start":{"line":29,"column":35},"end":{"line":32,"column":5}}},"4":{"name":"(anonymous_5)","decl":{"start":{"line":34,"column":4},"end":{"line":34,"column":11}},"loc":{"start":{"line":34,"column":38},"end":{"line":37,"column":5}}},"5":{"name":"(anonymous_6)","decl":{"start":{"line":39,"column":4},"end":{"line":39,"column":11}},"loc":{"start":{"line":39,"column":35},"end":{"line":42,"column":5}}},"6":{"name":"(anonymous_7)","decl":{"start":{"line":44,"column":4},"end":{"line":44,"column":11}},"loc":{"start":{"line":44,"column":35},"end":{"line":47,"column":5}}},"7":{"name":"(anonymous_8)","decl":{"start":{"line":49,"column":4},"end":{"line":49,"column":11}},"loc":{"start":{"line":49,"column":39},"end":{"line":52,"column":5}}},"8":{"name":"(anonymous_9)","decl":{"start":{"line":54,"column":4},"end":{"line":54,"column":11}},"loc":{"start":{"line":54,"column":39},"end":{"line":57,"column":5}}},"9":{"name":"(anonymous_10)","decl":{"start":{"line":59,"column":4},"end":{"line":59,"column":11}},"loc":{"start":{"line":59,"column":41},"end":{"line":62,"column":5}}},"10":{"name":"(anonymous_11)","decl":{"start":{"line":64,"column":4},"end":{"line":64,"column":11}},"loc":{"start":{"line":64,"column":44},"end":{"line":67,"column":5}}},"11":{"name":"(anonymous_12)","decl":{"start":{"line":70,"column":4},"end":{"line":70,"column":11}},"loc":{"start":{"line":70,"column":4},"end":{"line":156,"column":5}}}},"branchMap":{"0":{"loc":{"start":{"line":73,"column":8},"end":{"line":79,"column":null}},"type":"if","locations":[{"start":{"line":73,"column":8},"end":{"line":79,"column":null}},{"start":{"line":73,"column":8},"end":{"line":79,"column":null}}]},"1":{"loc":{"start":{"line":80,"column":8},"end":{"line":86,"column":null}},"type":"if","locations":[{"start":{"line":80,"column":8},"end":{"line":86,"column":null}},{"start":{"line":80,"column":8},"end":{"line":86,"column":null}}]},"2":{"loc":{"start":{"line":87,"column":8},"end":{"line":93,"column":null}},"type":"if","locations":[{"start":{"line":87,"column":8},"end":{"line":93,"column":null}},{"start":{"line":87,"column":8},"end":{"line":93,"column":null}}]},"3":{"loc":{"start":{"line":94,"column":8},"end":{"line":100,"column":null}},"type":"if","locations":[{"start":{"line":94,"column":8},"end":{"line":100,"column":null}},{"start":{"line":94,"column":8},"end":{"line":100,"column":null}}]},"4":{"loc":{"start":{"line":101,"column":8},"end":{"line":107,"column":null}},"type":"if","locations":[{"start":{"line":101,"column":8},"end":{"line":107,"column":null}},{"start":{"line":101,"column":8},"end":{"line":107,"column":null}}]},"5":{"loc":{"start":{"line":108,"column":8},"end":{"line":114,"column":null}},"type":"if","locations":[{"start":{"line":108,"column":8},"end":{"line":114,"column":null}},{"start":{"line":108,"column":8},"end":{"line":114,"column":null}}]},"6":{"loc":{"start":{"line":116,"column":8},"end":{"line":121,"column":null}},"type":"if","locations":[{"start":{"line":116,"column":8},"end":{"line":121,"column":null}},{"start":{"line":116,"column":8},"end":{"line":121,"column":null}}]},"7":{"loc":{"start":{"line":129,"column":8},"end":{"line":138,"column":null}},"type":"if","locations":[{"start":{"line":129,"column":8},"end":{"line":138,"column":null}},{"start":{"line":129,"column":8},"end":{"line":138,"column":null}}]},"8":{"loc":{"start":{"line":130,"column":12},"end":{"line":130,"column":22}},"type":"binary-expr","locations":[{"start":{"line":130,"column":12},"end":{"line":130,"column":22}},{"start":{"line":131,"column":12},"end":{"line":131,"column":26}},{"start":{"line":132,"column":12},"end":{"line":132,"column":23}},{"start":{"line":133,"column":12},"end":{"line":133,"column":25}},{"start":{"line":134,"column":12},"end":{"line":134,"column":25}},{"start":{"line":135,"column":12},"end":{"line":135,"column":25}}]}},"s":{"0":1,"1":1,"2":1,"3":1,"4":1,"5":1,"6":1,"7":1,"8":1,"9":1,"10":1,"11":1,"12":1,"13":1,"14":1,"15":1,"16":1,"17":1,"18":1,"19":1,"20":1,"21":1,"22":1,"23":1,"24":1,"25":1,"26":1,"27":1,"28":1,"29":1,"30":1,"31":1,"32":2,"33":2,"34":1,"35":2,"36":1,"37":2,"38":1,"39":2,"40":1,"41":2,"42":1,"43":2,"44":1,"45":2,"46":1,"47":1,"48":0,"49":1,"50":1,"51":1},"f":{"0":3,"1":1,"2":1,"3":1,"4":1,"5":1,"6":1,"7":1,"8":1,"9":1,"10":1,"11":2},"b":{"0":[1,1],"1":[1,1],"2":[1,1],"3":[1,1],"4":[1,1],"5":[1,1],"6":[1,1],"7":[0,1],"8":[1,1,1,1,1,1]}}
,"/Users/thiagomata/Work/github/resume.js/model/builder/ProfileBuilder.tsx": {"path":"/Users/thiagomata/Work/github/resume.js/model/builder/ProfileBuilder.tsx","statementMap":{"0":{"start":{"line":7,"column":0},"end":{"line":7,"column":null}},"1":{"start":{"line":12,"column":11},"end":{"line":15,"column":null}},"2":{"start":{"line":13,"column":8},"end":{"line":13,"column":25}},"3":{"start":{"line":14,"column":8},"end":{"line":14,"column":20}},"4":{"start":{"line":17,"column":11},"end":{"line":20,"column":null}},"5":{"start":{"line":18,"column":8},"end":{"line":18,"column":33}},"6":{"start":{"line":19,"column":8},"end":{"line":19,"column":20}},"7":{"start":{"line":22,"column":11},"end":{"line":25,"column":null}},"8":{"start":{"line":23,"column":8},"end":{"line":23,"column":25}},"9":{"start":{"line":24,"column":8},"end":{"line":24,"column":20}},"10":{"start":{"line":27,"column":11},"end":{"line":67,"column":null}},"11":{"start":{"line":29,"column":40},"end":{"line":29,"column":42}},"12":{"start":{"line":31,"column":8},"end":{"line":39,"column":null}},"13":{"start":{"line":32,"column":12},"end":{"line":38,"column":14}},"14":{"start":{"line":41,"column":8},"end":{"line":46,"column":null}},"15":{"start":{"line":42,"column":12},"end":{"line":45,"column":null}},"16":{"start":{"line":54,"column":8},"end":{"line":56,"column":null}},"17":{"start":{"line":55,"column":12},"end":{"line":55,"column":74}},"18":{"start":{"line":58,"column":31},"end":{"line":62,"column":10}},"19":{"start":{"line":63,"column":8},"end":{"line":66,"column":null}},"20":{"start":{"line":68,"column":0},"end":{"line":68,"column":null}}},"fnMap":{"0":{"name":"(anonymous_0)","decl":{"start":{"line":7,"column":0},"end":{"line":7,"column":null}},"loc":{"start":{"line":7,"column":0},"end":{"line":68,"column":null}}},"1":{"name":"(anonymous_2)","decl":{"start":{"line":12,"column":4},"end":{"line":12,"column":11}},"loc":{"start":{"line":12,"column":32},"end":{"line":15,"column":5}}},"2":{"name":"(anonymous_3)","decl":{"start":{"line":17,"column":4},"end":{"line":17,"column":11}},"loc":{"start":{"line":17,"column":40},"end":{"line":20,"column":5}}},"3":{"name":"(anonymous_4)","decl":{"start":{"line":22,"column":4},"end":{"line":22,"column":11}},"loc":{"start":{"line":22,"column":32},"end":{"line":25,"column":5}}},"4":{"name":"(anonymous_5)","decl":{"start":{"line":27,"column":4},"end":{"line":27,"column":11}},"loc":{"start":{"line":27,"column":4},"end":{"line":67,"column":5}}}},"branchMap":{"0":{"loc":{"start":{"line":31,"column":8},"end":{"line":39,"column":null}},"type":"if","locations":[{"start":{"line":31,"column":8},"end":{"line":39,"column":null}},{"start":{"line":31,"column":8},"end":{"line":39,"column":null}}]},"1":{"loc":{"start":{"line":41,"column":8},"end":{"line":46,"column":null}},"type":"if","locations":[{"start":{"line":41,"column":8},"end":{"line":46,"column":null}},{"start":{"line":41,"column":8},"end":{"line":46,"column":null}}]},"2":{"loc":{"start":{"line":54,"column":8},"end":{"line":56,"column":null}},"type":"if","locations":[{"start":{"line":54,"column":8},"end":{"line":56,"column":null}},{"start":{"line":54,"column":8},"end":{"line":56,"column":null}}]}},"s":{"0":3,"1":3,"2":13,"3":13,"4":3,"5":9,"6":9,"7":3,"8":9,"9":9,"10":3,"11":16,"12":16,"13":4,"14":16,"15":4,"16":12,"17":0,"18":12,"19":12,"20":3},"f":{"0":19,"1":13,"2":9,"3":9,"4":16},"b":{"0":[4,12],"1":[4,12],"2":[0,12]}}
,"/Users/thiagomata/Work/github/resume.js/model/parser/LinkParser.tsx": {"path":"/Users/thiagomata/Work/github/resume.js/model/parser/LinkParser.tsx","statementMap":{"0":{"start":{"line":1,"column":14},"end":{"line":1,"column":40}},"1":{"start":{"line":3,"column":0},"end":{"line":3,"column":null}},"2":{"start":{"line":5,"column":18},"end":{"line":33,"column":null}},"3":{"start":{"line":11,"column":8},"end":{"line":29,"column":null}},"4":{"start":{"line":16,"column":16},"end":{"line":18,"column":14}},"5":{"start":{"line":20,"column":12},"end":{"line":27,"column":15}},"6":{"start":{"line":21,"column":16},"end":{"line":23,"column":null}},"7":{"start":{"line":22,"column":20},"end":{"line":22,"column":41}},"8":{"start":{"line":24,"column":16},"end":{"line":26,"column":null}},"9":{"start":{"line":25,"column":20},"end":{"line":25,"column":40}},"10":{"start":{"line":28,"column":12},"end":{"line":28,"column":26}},"11":{"start":{"line":30,"column":8},"end":{"line":32,"column":10}},"12":{"start":{"line":34,"column":0},"end":{"line":34,"column":null}}},"fnMap":{"0":{"name":"(anonymous_0)","decl":{"start":{"line":3,"column":0},"end":{"line":3,"column":null}},"loc":{"start":{"line":3,"column":0},"end":{"line":34,"column":null}}},"1":{"name":"(anonymous_2)","decl":{"start":{"line":5,"column":4},"end":{"line":5,"column":18}},"loc":{"start":{"line":5,"column":39},"end":{"line":33,"column":5}}},"2":{"name":"(anonymous_3)","decl":{"start":{"line":20,"column":28},"end":{"line":20,"column":29}},"loc":{"start":{"line":20,"column":62},"end":{"line":27,"column":13}}}},"branchMap":{"0":{"loc":{"start":{"line":11,"column":8},"end":{"line":29,"column":null}},"type":"if","locations":[{"start":{"line":11,"column":8},"end":{"line":29,"column":null}},{"start":{"line":11,"column":8},"end":{"line":29,"column":null}}]},"1":{"loc":{"start":{"line":21,"column":16},"end":{"line":23,"column":null}},"type":"if","locations":[{"start":{"line":21,"column":16},"end":{"line":23,"column":null}},{"start":{"line":21,"column":16},"end":{"line":23,"column":null}}]},"2":{"loc":{"start":{"line":24,"column":16},"end":{"line":26,"column":null}},"type":"if","locations":[{"start":{"line":24,"column":16},"end":{"line":26,"column":null}},{"start":{"line":24,"column":16},"end":{"line":26,"column":null}}]}},"s":{"0":2,"1":2,"2":2,"3":16,"4":7,"5":7,"6":21,"7":7,"8":21,"9":7,"10":7,"11":9,"12":2},"f":{"0":2,"1":16,"2":21},"b":{"0":[7,9],"1":[7,14],"2":[7,14]}}
,"/Users/thiagomata/Work/github/resume.js/model/parser/ProfileParser.tsx": {"path":"/Users/thiagomata/Work/github/resume.js/model/parser/ProfileParser.tsx","statementMap":{"0":{"start":{"line":1,"column":0},"end":{"line":1,"column":56}},"1":{"start":{"line":4,"column":0},"end":{"line":4,"column":55}},"2":{"start":{"line":5,"column":0},"end":{"line":5,"column":38}},"3":{"start":{"line":7,"column":0},"end":{"line":7,"column":21}},"4":{"start":{"line":13,"column":4},"end":{"line":13,"column":58}},"5":{"start":{"line":15,"column":4},"end":{"line":20,"column":null}},"6":{"start":{"line":17,"column":24},"end":{"line":17,"column":50}},"7":{"start":{"line":19,"column":8},"end":{"line":19,"column":58}},"8":{"start":{"line":22,"column":11},"end":{"line":34,"column":null}},"9":{"start":{"line":23,"column":8},"end":{"line":29,"column":null}},"10":{"start":{"line":24,"column":32},"end":{"line":24,"column":67}},"11":{"start":{"line":25,"column":12},"end":{"line":25,"column":66}},"12":{"start":{"line":26,"column":12},"end":{"line":28,"column":null}},"13":{"start":{"line":27,"column":16},"end":{"line":27,"column":65}},"14":{"start":{"line":30,"column":8},"end":{"line":32,"column":null}},"15":{"start":{"line":31,"column":12},"end":{"line":31,"column":null}},"16":{"start":{"line":33,"column":8},"end":{"line":33,"column":43}},"17":{"start":{"line":36,"column":12},"end":{"line":58,"column":null}},"18":{"start":{"line":37,"column":23},"end":{"line":37,"column":47}},"19":{"start":{"line":38,"column":8},"end":{"line":45,"column":null}},"20":{"start":{"line":39,"column":32},"end":{"line":39,"column":65}},"21":{"start":{"line":40,"column":12},"end":{"line":40,"column":62}},"22":{"start":{"line":41,"column":12},"end":{"line":43,"column":null}},"23":{"start":{"line":42,"column":16},"end":{"line":42,"column":65}},"24":{"start":{"line":44,"column":12},"end":{"line":44,"column":19}},"25":{"start":{"line":46,"column":8},"end":{"line":49,"column":null}},"26":{"start":{"line":47,"column":12},"end":{"line":47,"column":58}},"27":{"start":{"line":48,"column":12},"end":{"line":48,"column":19}},"28":{"start":{"line":50,"column":8},"end":{"line":57,"column":null}},"29":{"start":{"line":51,"column":32},"end":{"line":51,"column":65}},"30":{"start":{"line":52,"column":12},"end":{"line":52,"column":66}},"31":{"start":{"line":53,"column":12},"end":{"line":55,"column":null}},"32":{"start":{"line":54,"column":16},"end":{"line":54,"column":65}},"33":{"start":{"line":56,"column":12},"end":{"line":56,"column":19}},"34":{"start":{"line":60,"column":18},"end":{"line":88,"column":null}},"35":{"start":{"line":61,"column":34},"end":{"line":61,"column":36}},"36":{"start":{"line":62,"column":43},"end":{"line":62,"column":45}},"37":{"start":{"line":63,"column":8},"end":{"line":77,"column":null}},"38":{"start":{"line":64,"column":46},"end":{"line":64,"column":65}},"39":{"start":{"line":65,"column":32},"end":{"line":65,"column":67}},"40":{"start":{"line":66,"column":12},"end":{"line":66,"column":71}},"41":{"start":{"line":67,"column":12},"end":{"line":69,"column":null}},"42":{"start":{"line":68,"column":16},"end":{"line":68,"column":74}},"43":{"start":{"line":70,"column":31},"end":{"line":70,"column":118}},"44":{"start":{"line":72,"column":12},"end":{"line":76,"column":null}},"45":{"start":{"line":73,"column":16},"end":{"line":73,"column":66}},"46":{"start":{"line":75,"column":16},"end":{"line":75,"column":51}},"47":{"start":{"line":78,"column":8},"end":{"line":83,"column":null}},"48":{"start":{"line":79,"column":12},"end":{"line":82,"column":null}},"49":{"start":{"line":84,"column":8},"end":{"line":87,"column":10}},"50":{"start":{"line":9,"column":20},"end":{"line":9,"column":40}},"51":{"start":{"line":10,"column":20},"end":{"line":10,"column":40}},"52":{"start":{"line":11,"column":20},"end":{"line":11,"column":48}},"53":{"start":{"line":89,"column":0},"end":{"line":89,"column":null}},"54":{"start":{"line":7,"column":21},"end":{"line":7,"column":null}}},"fnMap":{"0":{"name":"(anonymous_1)","decl":{"start":{"line":7,"column":0},"end":{"line":7,"column":21}},"loc":{"start":{"line":7,"column":0},"end":{"line":7,"column":21}}},"1":{"name":"(anonymous_3)","decl":{"start":{"line":15,"column":4},"end":{"line":15,"column":9}},"loc":{"start":{"line":15,"column":25},"end":{"line":20,"column":5}}},"2":{"name":"(anonymous_4)","decl":{"start":{"line":22,"column":4},"end":{"line":22,"column":11}},"loc":{"start":{"line":22,"column":61},"end":{"line":34,"column":5}}},"3":{"name":"(anonymous_5)","decl":{"start":{"line":36,"column":4},"end":{"line":36,"column":12}},"loc":{"start":{"line":36,"column":62},"end":{"line":58,"column":5}}},"4":{"name":"(anonymous_6)","decl":{"start":{"line":60,"column":4},"end":{"line":60,"column":18}},"loc":{"start":{"line":60,"column":75},"end":{"line":88,"column":5}}}},"branchMap":{"0":{"loc":{"start":{"line":23,"column":8},"end":{"line":29,"column":null}},"type":"if","locations":[{"start":{"line":23,"column":8},"end":{"line":29,"column":null}},{"start":{"line":23,"column":8},"end":{"line":29,"column":null}}]},"1":{"loc":{"start":{"line":26,"column":12},"end":{"line":28,"column":null}},"type":"if","locations":[{"start":{"line":26,"column":12},"end":{"line":28,"column":null}},{"start":{"line":26,"column":12},"end":{"line":28,"column":null}}]},"2":{"loc":{"start":{"line":38,"column":8},"end":{"line":45,"column":null}},"type":"if","locations":[{"start":{"line":38,"column":8},"end":{"line":45,"column":null}},{"start":{"line":38,"column":8},"end":{"line":45,"column":null}}]},"3":{"loc":{"start":{"line":38,"column":13},"end":{"line":38,"column":49}},"type":"binary-expr","locations":[{"start":{"line":38,"column":13},"end":{"line":38,"column":49}},{"start":{"line":38,"column":53},"end":{"line":38,"column":68}}]},"4":{"loc":{"start":{"line":41,"column":12},"end":{"line":43,"column":null}},"type":"if","locations":[{"start":{"line":41,"column":12},"end":{"line":43,"column":null}},{"start":{"line":41,"column":12},"end":{"line":43,"column":null}}]},"5":{"loc":{"start":{"line":46,"column":8},"end":{"line":49,"column":null}},"type":"if","locations":[{"start":{"line":46,"column":8},"end":{"line":49,"column":null}},{"start":{"line":46,"column":8},"end":{"line":49,"column":null}}]},"6":{"loc":{"start":{"line":46,"column":13},"end":{"line":46,"column":49}},"type":"binary-expr","locations":[{"start":{"line":46,"column":13},"end":{"line":46,"column":49}},{"start":{"line":46,"column":53},"end":{"line":46,"column":68}}]},"7":{"loc":{"start":{"line":50,"column":8},"end":{"line":57,"column":null}},"type":"if","locations":[{"start":{"line":50,"column":8},"end":{"line":57,"column":null}},{"start":{"line":50,"column":8},"end":{"line":57,"column":null}}]},"8":{"loc":{"start":{"line":50,"column":13},"end":{"line":50,"column":53}},"type":"binary-expr","locations":[{"start":{"line":50,"column":13},"end":{"line":50,"column":53}},{"start":{"line":50,"column":57},"end":{"line":50,"column":72}}]},"9":{"loc":{"start":{"line":53,"column":12},"end":{"line":55,"column":null}},"type":"if","locations":[{"start":{"line":53,"column":12},"end":{"line":55,"column":null}},{"start":{"line":53,"column":12},"end":{"line":55,"column":null}}]},"10":{"loc":{"start":{"line":67,"column":12},"end":{"line":69,"column":null}},"type":"if","locations":[{"start":{"line":67,"column":12},"end":{"line":69,"column":null}},{"start":{"line":67,"column":12},"end":{"line":69,"column":null}}]},"11":{"loc":{"start":{"line":72,"column":12},"end":{"line":76,"column":null}},"type":"if","locations":[{"start":{"line":72,"column":12},"end":{"line":76,"column":null}},{"start":{"line":72,"column":12},"end":{"line":76,"column":null}}]},"12":{"loc":{"start":{"line":78,"column":8},"end":{"line":83,"column":null}},"type":"if","locations":[{"start":{"line":78,"column":8},"end":{"line":83,"column":null}},{"start":{"line":78,"column":8},"end":{"line":83,"column":null}}]}},"s":{"0":1,"1":1,"2":1,"3":1,"4":7,"5":1,"6":2,"7":2,"8":1,"9":7,"10":2,"11":2,"12":2,"13":1,"14":7,"15":7,"16":7,"17":1,"18":7,"19":7,"20":2,"21":2,"22":2,"23":1,"24":2,"25":5,"26":1,"27":1,"28":4,"29":4,"30":4,"31":4,"32":1,"33":4,"34":1,"35":4,"36":4,"37":4,"38":5,"39":5,"40":5,"41":5,"42":2,"43":5,"44":5,"45":1,"46":4,"47":4,"48":1,"49":3,"50":1,"51":1,"52":1,"53":1,"54":1},"f":{"0":8,"1":2,"2":7,"3":7,"4":4},"b":{"0":[2,5],"1":[1,1],"2":[2,5],"3":[7,2],"4":[1,1],"5":[1,4],"6":[5,1],"7":[4,0],"8":[4,4],"9":[1,3],"10":[2,3],"11":[1,4],"12":[1,3]}}
,"/Users/thiagomata/Work/github/resume.js/model/parser/TitleParser.tsx": {"path":"/Users/thiagomata/Work/github/resume.js/model/parser/TitleParser.tsx","statementMap":{"0":{"start":{"line":6,"column":0},"end":{"line":6,"column":null}},"1":{"start":{"line":8,"column":11},"end":{"line":14,"column":null}},"2":{"start":{"line":9,"column":27},"end":{"line":9,"column":41}},"3":{"start":{"line":10,"column":8},"end":{"line":12,"column":null}},"4":{"start":{"line":11,"column":12},"end":{"line":11,"column":19}},"5":{"start":{"line":13,"column":8},"end":{"line":13,"column":39}},"6":{"start":{"line":16,"column":11},"end":{"line":57,"column":null}},"7":{"start":{"line":18,"column":36},"end":{"line":20,"column":10}},"8":{"start":{"line":21,"column":19},"end":{"line":21,"column":26}},"9":{"start":{"line":22,"column":20},"end":{"line":22,"column":29}},"10":{"start":{"line":23,"column":30},"end":{"line":23,"column":49}},"11":{"start":{"line":24,"column":18},"end":{"line":24,"column":20}},"12":{"start":{"line":25,"column":8},"end":{"line":54,"column":null}},"13":{"start":{"line":26,"column":23},"end":{"line":26,"column":38}},"14":{"start":{"line":27,"column":36},"end":{"line":27,"column":47}},"15":{"start":{"line":28,"column":12},"end":{"line":30,"column":null}},"16":{"start":{"line":29,"column":16},"end":{"line":29,"column":25}},"17":{"start":{"line":31,"column":28},"end":{"line":31,"column":47}},"18":{"start":{"line":32,"column":12},"end":{"line":53,"column":null}},"19":{"start":{"line":33,"column":16},"end":{"line":33,"column":53}},"20":{"start":{"line":34,"column":27},"end":{"line":34,"column":66}},"21":{"start":{"line":35,"column":28},"end":{"line":35,"column":57}},"22":{"start":{"line":36,"column":47},"end":{"line":38,"column":18}},"23":{"start":{"line":39,"column":33},"end":{"line":39,"column":41}},"24":{"start":{"line":41,"column":16},"end":{"line":43,"column":null}},"25":{"start":{"line":42,"column":20},"end":{"line":42,"column":null}},"26":{"start":{"line":44,"column":29},"end":{"line":44,"column":46}},"27":{"start":{"line":45,"column":16},"end":{"line":45,"column":64}},"28":{"start":{"line":47,"column":16},"end":{"line":47,"column":41}},"29":{"start":{"line":48,"column":16},"end":{"line":48,"column":39}},"30":{"start":{"line":49,"column":16},"end":{"line":49,"column":37}},"31":{"start":{"line":50,"column":16},"end":{"line":50,"column":null}},"32":{"start":{"line":52,"column":16},"end":{"line":52,"column":null}},"33":{"start":{"line":55,"column":8},"end":{"line":55,"column":45}},"34":{"start":{"line":56,"column":8},"end":{"line":56,"column":20}},"35":{"start":{"line":59,"column":19},"end":{"line":61,"column":null}},"36":{"start":{"line":60,"column":8},"end":{"line":60,"column":44}},"37":{"start":{"line":62,"column":0},"end":{"line":62,"column":null}}},"fnMap":{"0":{"name":"(anonymous_0)","decl":{"start":{"line":6,"column":0},"end":{"line":6,"column":null}},"loc":{"start":{"line":6,"column":0},"end":{"line":62,"column":null}}},"1":{"name":"(anonymous_2)","decl":{"start":{"line":8,"column":4},"end":{"line":8,"column":11}},"loc":{"start":{"line":8,"column":67},"end":{"line":14,"column":5}}},"2":{"name":"(anonymous_3)","decl":{"start":{"line":16,"column":4},"end":{"line":16,"column":11}},"loc":{"start":{"line":16,"column":32},"end":{"line":57,"column":5}}},"3":{"name":"(anonymous_4)","decl":{"start":{"line":59,"column":4},"end":{"line":59,"column":19}},"loc":{"start":{"line":59,"column":96},"end":{"line":61,"column":5}}}},"branchMap":{"0":{"loc":{"start":{"line":10,"column":8},"end":{"line":12,"column":null}},"type":"if","locations":[{"start":{"line":10,"column":8},"end":{"line":12,"column":null}},{"start":{"line":10,"column":8},"end":{"line":12,"column":null}}]},"1":{"loc":{"start":{"line":28,"column":12},"end":{"line":30,"column":null}},"type":"if","locations":[{"start":{"line":28,"column":12},"end":{"line":30,"column":null}},{"start":{"line":28,"column":12},"end":{"line":30,"column":null}}]},"2":{"loc":{"start":{"line":32,"column":12},"end":{"line":53,"column":null}},"type":"if","locations":[{"start":{"line":32,"column":12},"end":{"line":53,"column":null}},{"start":{"line":32,"column":12},"end":{"line":53,"column":null}}]},"3":{"loc":{"start":{"line":34,"column":28},"end":{"line":34,"column":49}},"type":"binary-expr","locations":[{"start":{"line":34,"column":28},"end":{"line":34,"column":49}},{"start":{"line":34,"column":53},"end":{"line":34,"column":55}}]}},"s":{"0":2,"1":2,"2":45,"3":45,"4":14,"5":31,"6":2,"7":11,"8":11,"9":11,"10":11,"11":11,"12":11,"13":96,"14":96,"15":96,"16":31,"17":65,"18":65,"19":34,"20":34,"21":34,"22":34,"23":34,"24":34,"25":18,"26":34,"27":34,"28":34,"29":34,"30":34,"31":34,"32":31,"33":11,"34":11,"35":2,"36":34,"37":2},"f":{"0":2,"1":45,"2":11,"3":34},"b":{"0":[14,31],"1":[31,65],"2":[34,31],"3":[34,0]}}
}
