TN:
SF:/Users/thiagomata/Work/github/resume.js/model/builder/AboutBuilder.tsx
FN:7,(anonymous_0)
FN:19,(anonymous_2)
FN:24,(anonymous_3)
FN:29,(anonymous_4)
FN:34,(anonymous_5)
FN:39,(anonymous_6)
FN:44,(anonymous_7)
FN:49,(anonymous_8)
FN:54,(anonymous_9)
FN:59,(anonymous_10)
FN:64,(anonymous_11)
FN:70,(anonymous_12)
FNF:12
FNH:12
FNDA:3,(anonymous_0)
FNDA:1,(anonymous_2)
FNDA:1,(anonymous_3)
FNDA:1,(anonymous_4)
FNDA:1,(anonymous_5)
FNDA:1,(anonymous_6)
FNDA:1,(anonymous_7)
FNDA:1,(anonymous_8)
FNDA:1,(anonymous_9)
FNDA:1,(anonymous_10)
FNDA:1,(anonymous_11)
FNDA:2,(anonymous_12)
DA:7,1
DA:19,1
DA:20,1
DA:21,1
DA:24,1
DA:25,1
DA:26,1
DA:29,1
DA:30,1
DA:31,1
DA:34,1
DA:35,1
DA:36,1
DA:39,1
DA:40,1
DA:41,1
DA:44,1
DA:45,1
DA:46,1
DA:49,1
DA:50,1
DA:51,1
DA:54,1
DA:55,1
DA:56,1
DA:59,1
DA:60,1
DA:61,1
DA:64,1
DA:65,1
DA:66,1
DA:70,1
DA:71,2
DA:73,2
DA:74,1
DA:80,2
DA:81,1
DA:87,2
DA:88,1
DA:94,2
DA:95,1
DA:101,2
DA:102,1
DA:108,2
DA:109,1
DA:116,2
DA:117,1
DA:129,1
DA:137,0
DA:140,1
DA:152,1
DA:157,1
LF:52
LH:51
BRDA:73,0,0,1
BRDA:73,0,1,1
BRDA:80,1,0,1
BRDA:80,1,1,1
BRDA:87,2,0,1
BRDA:87,2,1,1
BRDA:94,3,0,1
BRDA:94,3,1,1
BRDA:101,4,0,1
BRDA:101,4,1,1
BRDA:108,5,0,1
BRDA:108,5,1,1
BRDA:116,6,0,1
BRDA:116,6,1,1
BRDA:129,7,0,0
BRDA:129,7,1,1
BRDA:130,8,0,1
BRDA:130,8,1,1
BRDA:130,8,2,1
BRDA:130,8,3,1
BRDA:130,8,4,1
BRDA:130,8,5,1
BRF:22
BRH:21
end_of_record
TN:
SF:/Users/thiagomata/Work/github/resume.js/model/builder/ProfileBuilder.tsx
FN:7,(anonymous_0)
FN:12,(anonymous_2)
FN:17,(anonymous_3)
FN:22,(anonymous_4)
FN:27,(anonymous_5)
FNF:5
FNH:5
FNDA:19,(anonymous_0)
FNDA:13,(anonymous_2)
FNDA:9,(anonymous_3)
FNDA:9,(anonymous_4)
FNDA:16,(anonymous_5)
DA:7,3
DA:12,3
DA:13,13
DA:14,13
DA:17,3
DA:18,9
DA:19,9
DA:22,3
DA:23,9
DA:24,9
DA:27,3
DA:29,16
DA:31,16
DA:32,4
DA:41,16
DA:42,4
DA:54,12
DA:55,0
DA:58,12
DA:63,12
DA:68,3
LF:21
LH:20
BRDA:31,0,0,4
BRDA:31,0,1,12
BRDA:41,1,0,4
BRDA:41,1,1,12
BRDA:54,2,0,0
BRDA:54,2,1,12
BRF:6
BRH:5
end_of_record
TN:
SF:/Users/thiagomata/Work/github/resume.js/model/parser/LinkParser.tsx
FN:3,(anonymous_0)
FN:5,(anonymous_2)
FN:20,(anonymous_3)
FNF:3
FNH:3
FNDA:2,(anonymous_0)
FNDA:16,(anonymous_2)
FNDA:21,(anonymous_3)
DA:1,2
DA:3,2
DA:5,2
DA:11,16
DA:16,7
DA:20,7
DA:21,21
DA:22,7
DA:24,21
DA:25,7
DA:28,7
DA:30,9
DA:34,2
LF:13
LH:13
BRDA:11,0,0,7
BRDA:11,0,1,9
BRDA:21,1,0,7
BRDA:21,1,1,14
BRDA:24,2,0,7
BRDA:24,2,1,14
BRF:6
BRH:6
end_of_record
TN:
SF:/Users/thiagomata/Work/github/resume.js/model/parser/ProfileParser.tsx
FN:7,(anonymous_1)
FN:15,(anonymous_3)
FN:22,(anonymous_4)
FN:36,(anonymous_5)
FN:60,(anonymous_6)
FNF:5
FNH:5
FNDA:8,(anonymous_1)
FNDA:2,(anonymous_3)
FNDA:7,(anonymous_4)
FNDA:7,(anonymous_5)
FNDA:4,(anonymous_6)
DA:1,1
DA:4,1
DA:5,1
DA:7,1
DA:9,1
DA:10,1
DA:11,1
DA:13,7
DA:15,1
DA:17,2
DA:19,2
DA:22,1
DA:23,7
DA:24,2
DA:25,2
DA:26,2
DA:27,1
DA:30,7
DA:31,7
DA:33,7
DA:36,1
DA:37,7
DA:38,7
DA:39,2
DA:40,2
DA:41,2
DA:42,1
DA:44,2
DA:46,5
DA:47,1
DA:48,1
DA:50,4
DA:51,4
DA:52,4
DA:53,4
DA:54,1
DA:56,4
DA:60,1
DA:61,4
DA:62,4
DA:63,4
DA:64,5
DA:65,5
DA:66,5
DA:67,5
DA:68,2
DA:70,5
DA:72,5
DA:73,1
DA:75,4
DA:78,4
DA:79,1
DA:84,3
DA:89,1
LF:54
LH:54
BRDA:23,0,0,2
BRDA:23,0,1,5
BRDA:26,1,0,1
BRDA:26,1,1,1
BRDA:38,2,0,2
BRDA:38,2,1,5
BRDA:38,3,0,7
BRDA:38,3,1,2
BRDA:41,4,0,1
BRDA:41,4,1,1
BRDA:46,5,0,1
BRDA:46,5,1,4
BRDA:46,6,0,5
BRDA:46,6,1,1
BRDA:50,7,0,4
BRDA:50,7,1,0
BRDA:50,8,0,4
BRDA:50,8,1,4
BRDA:53,9,0,1
BRDA:53,9,1,3
BRDA:67,10,0,2
BRDA:67,10,1,3
BRDA:72,11,0,1
BRDA:72,11,1,4
BRDA:78,12,0,1
BRDA:78,12,1,3
BRF:26
BRH:25
end_of_record
TN:
SF:/Users/thiagomata/Work/github/resume.js/model/parser/TitleParser.tsx
FN:6,(anonymous_0)
FN:8,(anonymous_2)
FN:16,(anonymous_3)
FN:59,(anonymous_4)
FNF:4
FNH:4
FNDA:2,(anonymous_0)
FNDA:45,(anonymous_2)
FNDA:11,(anonymous_3)
FNDA:34,(anonymous_4)
DA:6,2
DA:8,2
DA:9,45
DA:10,45
DA:11,14
DA:13,31
DA:16,2
DA:18,11
DA:21,11
DA:22,11
DA:23,11
DA:24,11
DA:25,11
DA:26,96
DA:27,96
DA:28,96
DA:29,31
DA:31,65
DA:32,65
DA:33,34
DA:34,34
DA:35,34
DA:36,34
DA:39,34
DA:41,34
DA:42,18
DA:44,34
DA:45,34
DA:47,34
DA:48,34
DA:49,34
DA:50,34
DA:52,31
DA:55,11
DA:56,11
DA:59,2
DA:60,34
DA:62,2
LF:38
LH:38
BRDA:10,0,0,14
BRDA:10,0,1,31
BRDA:28,1,0,31
BRDA:28,1,1,65
BRDA:32,2,0,34
BRDA:32,2,1,31
BRDA:34,3,0,34
BRDA:34,3,1,0
BRF:8
BRH:7
end_of_record
