TN:
SF:/Users/thiagomata/Work/github/resume.js/model/parser/TitleParser.tsx
FN:6,(anonymous_0)
FN:8,(anonymous_2)
FN:16,(anonymous_3)
FNF:3
FNH:3
FNDA:1,(anonymous_0)
FNDA:18,(anonymous_2)
FNDA:3,(anonymous_3)
DA:6,1
DA:8,1
DA:9,18
DA:10,18
DA:11,3
DA:13,15
DA:16,1
DA:17,3
DA:20,3
DA:21,3
DA:22,3
DA:23,3
DA:24,3
DA:25,36
DA:26,36
DA:27,36
DA:28,6
DA:30,30
DA:31,30
DA:32,15
DA:33,15
DA:34,15
DA:35,15
DA:38,15
DA:39,2
DA:40,2
DA:41,2
DA:42,2
DA:44,13
DA:45,13
DA:46,13
DA:47,13
DA:49,15
DA:51,15
DA:54,3
DA:55,3
DA:57,1
LF:37
LH:37
BRDA:10,0,0,3
BRDA:10,0,1,15
BRDA:27,1,0,6
BRDA:27,1,1,30
BRDA:31,2,0,15
BRDA:31,2,1,15
BRDA:33,3,0,15
BRDA:33,3,1,0
BRDA:38,4,0,2
BRDA:38,4,1,13
BRF:10
BRH:9
end_of_record
